# JRE version: OpenJDK Runtime Environment Microsoft-31205 (11.0.14.1+1) (build 11.0.14.1+1-LTS)
# Java VM: OpenJDK 64-Bit Server VM Microsoft-31205 (11.0.14.1+1-LTS, mixed mode, tiered, compressed oops, g1 gc, linux-amd64)
Heap:
 garbage-first heap   total 197632K, used 62875K [0x0000000083e00000, 0x0000000100000000)
  region size 1024K, 37 young (37888K), 2 survivors (2048K)
 Metaspace       used 48494K, capacity 49684K, committed 50048K, reserved 1093632K
  class space    used 5176K, capacity 5634K, committed 5760K, reserved 1048576K
GC Heap History (20 events):
Event: 17.740 GC heap before
{Heap before GC invocations=9 (full 0):
 garbage-first heap   total 155648K, used 103521K [0x0000000083e00000, 0x0000000100000000)
  region size 1024K, 91 young (93184K), 12 survivors (12288K)
 Metaspace       used 46542K, capacity 47686K, committed 47744K, reserved 1091584K
  class space    used 5029K, capacity 5462K, committed 5504K, reserved 1048576K
}
Event: 17.777 GC heap after
{Heap after GC invocations=10 (full 0):
 garbage-first heap   total 155648K, used 27136K [0x0000000083e00000, 0x0000000100000000)
  region size 1024K, 11 young (11264K), 11 survivors (11264K)
 Metaspace       used 46542K, capacity 47686K, committed 47744K, reserved 1091584K
  class space    used 5029K, capacity 5462K, committed 5504K, reserved 1048576K
}
Event: 55.726 GC heap before
{Heap before GC invocations=10 (full 0):
 garbage-first heap   total 155648K, used 108032K [0x0000000083e00000, 0x0000000100000000)
  region size 1024K, 90 young (92160K), 11 survivors (11264K)
 Metaspace       used 46909K, capacity 48091K, committed 48256K, reserved 1091584K
  class space    used 5035K, capacity 5465K, committed 5504K, reserved 1048576K
}
Event: 55.748 GC heap after
{Heap after GC invocations=11 (full 0):
 garbage-first heap   total 197632K, used 27648K [0x0000000083e00000, 0x0000000100000000)
  region size 1024K, 1 young (1024K), 1 survivors (1024K)
 Metaspace       used 46909K, capacity 48091K, committed 48256K, reserved 1091584K
  class space    used 5035K, capacity 5465K, committed 5504K, reserved 1048576K
}
Event: 100.113 GC heap before
{Heap before GC invocations=11 (full 0):
 garbage-first heap   total 197632K, used 131072K [0x0000000083e00000, 0x0000000100000000)
  region size 1024K, 102 young (104448K), 1 survivors (1024K)
 Metaspace       used 47109K, capacity 48289K, committed 48512K, reserved 1091584K
  class space    used 5045K, capacity 5466K, committed 5504K, reserved 1048576K
}
Event: 100.116 GC heap after
{Heap after GC invocations=12 (full 0):
 garbage-first heap   total 197632K, used 27957K [0x0000000083e00000, 0x0000000100000000)
  region size 1024K, 2 young (2048K), 2 survivors (2048K)
 Metaspace       used 47109K, capacity 48289K, committed 48512K, reserved 1091584K
  class space    used 5045K, capacity 5466K, committed 5504K, reserved 1048576K
}
Event: 154.670 GC heap before
{Heap before GC invocations=12 (full 0):
 garbage-first heap   total 197632K, used 143669K [0x0000000083e00000, 0x0000000100000000)
  region size 1024K, 115 young (117760K), 2 survivors (2048K)
 Metaspace       used 47163K, capacity 48289K, committed 48512K, reserved 1091584K
  class space    used 5045K, capacity 5466K, committed 5504K, reserved 1048576K
}
Event: 154.675 GC heap after
{Heap after GC invocations=13 (full 0):
 garbage-first heap   total 197632K, used 27946K [0x0000000083e00000, 0x0000000100000000)
  region size 1024K, 2 young (2048K), 2 survivors (2048K)
 Metaspace       used 47163K, capacity 48289K, committed 48512K, reserved 1091584K
  class space    used 5045K, capacity 5466K, committed 5504K, reserved 1048576K
}
Event: 207.434 GC heap before
{Heap before GC invocations=13 (full 0):
 garbage-first heap   total 197632K, used 143658K [0x0000000083e00000, 0x0000000100000000)
  region size 1024K, 115 young (117760K), 2 survivors (2048K)
 Metaspace       used 47336K, capacity 48475K, committed 48512K, reserved 1091584K
  class space    used 5062K, capacity 5485K, committed 5504K, reserved 1048576K
}
Event: 207.439 GC heap after
{Heap after GC invocations=14 (full 0):
 garbage-first heap   total 197632K, used 27897K [0x0000000083e00000, 0x0000000100000000)
  region size 1024K, 2 young (2048K), 2 survivors (2048K)
 Metaspace       used 47336K, capacity 48475K, committed 48512K, reserved 1091584K
  class space    used 5062K, capacity 5485K, committed 5504K, reserved 1048576K
}
Event: 261.149 GC heap before
{Heap before GC invocations=14 (full 0):
 garbage-first heap   total 197632K, used 143609K [0x0000000083e00000, 0x0000000100000000)
  region size 1024K, 115 young (117760K), 2 survivors (2048K)
 Metaspace       used 47400K, capacity 48539K, committed 48768K, reserved 1093632K
  class space    used 5063K, capacity 5485K, committed 5504K, reserved 1048576K
}
Event: 261.158 GC heap after
{Heap after GC invocations=15 (full 0):
 garbage-first heap   total 197632K, used 27907K [0x0000000083e00000, 0x0000000100000000)
  region size 1024K, 2 young (2048K), 2 survivors (2048K)
 Metaspace       used 47400K, capacity 48539K, committed 48768K, reserved 1093632K
  class space    used 5063K, capacity 5485K, committed 5504K, reserved 1048576K
}
Event: 313.129 GC heap before
{Heap before GC invocations=15 (full 0):
 garbage-first heap   total 197632K, used 143619K [0x0000000083e00000, 0x0000000100000000)
  region size 1024K, 115 young (117760K), 2 survivors (2048K)
 Metaspace       used 47460K, capacity 48609K, committed 48768K, reserved 1093632K
  class space    used 5066K, capacity 5486K, committed 5504K, reserved 1048576K
}
Event: 313.135 GC heap after
{Heap after GC invocations=16 (full 0):
 garbage-first heap   total 197632K, used 27988K [0x0000000083e00000, 0x0000000100000000)
  region size 1024K, 2 young (2048K), 2 survivors (2048K)
 Metaspace       used 47460K, capacity 48609K, committed 48768K, reserved 1093632K
  class space    used 5066K, capacity 5486K, committed 5504K, reserved 1048576K
}
Event: 367.224 GC heap before
{Heap before GC invocations=16 (full 0):
 garbage-first heap   total 197632K, used 143700K [0x0000000083e00000, 0x0000000100000000)
  region size 1024K, 115 young (117760K), 2 survivors (2048K)
 Metaspace       used 47497K, capacity 48609K, committed 48768K, reserved 1093632K
  class space    used 5068K, capacity 5486K, committed 5504K, reserved 1048576K
}
Event: 367.244 GC heap after
{Heap after GC invocations=17 (full 0):
 garbage-first heap   total 197632K, used 28126K [0x0000000083e00000, 0x0000000100000000)
  region size 1024K, 2 young (2048K), 2 survivors (2048K)
 Metaspace       used 47497K, capacity 48609K, committed 48768K, reserved 1093632K
  class space    used 5068K, capacity 5486K, committed 5504K, reserved 1048576K
}
Event: 420.968 GC heap before
{Heap before GC invocations=17 (full 0):
 garbage-first heap   total 197632K, used 143838K [0x0000000083e00000, 0x0000000100000000)
  region size 1024K, 115 young (117760K), 2 survivors (2048K)
 Metaspace       used 47566K, capacity 48673K, committed 48768K, reserved 1093632K
  class space    used 5069K, capacity 5486K, committed 5504K, reserved 1048576K
}
Event: 420.975 GC heap after
{Heap after GC invocations=18 (full 0):
 garbage-first heap   total 197632K, used 28148K [0x0000000083e00000, 0x0000000100000000)
  region size 1024K, 2 young (2048K), 2 survivors (2048K)
 Metaspace       used 47566K, capacity 48673K, committed 48768K, reserved 1093632K
  class space    used 5069K, capacity 5486K, committed 5504K, reserved 1048576K
}
Event: 471.889 GC heap before
{Heap before GC invocations=18 (full 0):
 garbage-first heap   total 197632K, used 143860K [0x0000000083e00000, 0x0000000100000000)
  region size 1024K, 115 young (117760K), 2 survivors (2048K)
 Metaspace       used 47581K, capacity 48737K, committed 48768K, reserved 1093632K
  class space    used 5070K, capacity 5486K, committed 5504K, reserved 1048576K
}
Event: 471.901 GC heap after
{Heap after GC invocations=19 (full 0):
 garbage-first heap   total 197632K, used 28059K [0x0000000083e00000, 0x0000000100000000)
  region size 1024K, 2 young (2048K), 2 survivors (2048K)
 Metaspace       used 47581K, capacity 48737K, committed 48768K, reserved 1093632K
  class space    used 5070K, capacity 5486K, committed 5504K, reserved 1048576K
}

