# JRE version: OpenJDK Runtime Environment Microsoft-31205 (11.0.14.1+1) (build 11.0.14.1+1-LTS)
# Java VM: OpenJDK 64-Bit Server VM Microsoft-31205 (11.0.14.1+1-LTS, mixed mode, tiered, compressed oops, g1 gc, linux-amd64)
Heap:
 garbage-first heap   total 155648K, used 38340K [0x0000000083e00000, 0x0000000100000000)
  region size 1024K, 5 young (5120K), 4 survivors (4096K)
 Metaspace       used 48187K, capacity 49348K, committed 49408K, reserved 1093632K
  class space    used 5154K, capacity 5609K, committed 5632K, reserved 1048576K
GC Heap History (20 events):
Event: 148.010 GC heap before
{Heap before GC invocations=14 (full 0):
 garbage-first heap   total 155648K, used 105629K [0x0000000083e00000, 0x0000000100000000)
  region size 1024K, 70 young (71680K), 2 survivors (2048K)
 Metaspace       used 46922K, capacity 48093K, committed 48256K, reserved 1091584K
  class space    used 5040K, capacity 5466K, committed 5504K, reserved 1048576K
}
Event: 148.021 GC heap after
{Heap after GC invocations=15 (full 0):
 garbage-first heap   total 155648K, used 35945K [0x0000000083e00000, 0x0000000100000000)
  region size 1024K, 2 young (2048K), 2 survivors (2048K)
 Metaspace       used 46922K, capacity 48093K, committed 48256K, reserved 1091584K
  class space    used 5040K, capacity 5466K, committed 5504K, reserved 1048576K
}
Event: 186.826 GC heap before
{Heap before GC invocations=15 (full 0):
 garbage-first heap   total 155648K, used 108649K [0x0000000083e00000, 0x0000000100000000)
  region size 1024K, 74 young (75776K), 2 survivors (2048K)
 Metaspace       used 46962K, capacity 48157K, committed 48256K, reserved 1091584K
  class space    used 5040K, capacity 5466K, committed 5504K, reserved 1048576K
}
Event: 186.831 GC heap after
{Heap after GC invocations=16 (full 0):
 garbage-first heap   total 155648K, used 36136K [0x0000000083e00000, 0x0000000100000000)
  region size 1024K, 2 young (2048K), 2 survivors (2048K)
 Metaspace       used 46962K, capacity 48157K, committed 48256K, reserved 1091584K
  class space    used 5040K, capacity 5466K, committed 5504K, reserved 1048576K
}
Event: 230.456 GC heap before
{Heap before GC invocations=16 (full 0):
 garbage-first heap   total 155648K, used 118056K [0x0000000083e00000, 0x0000000100000000)
  region size 1024K, 82 young (83968K), 2 survivors (2048K)
 Metaspace       used 47116K, capacity 48279K, committed 48512K, reserved 1091584K
  class space    used 5057K, capacity 5485K, committed 5504K, reserved 1048576K
}
Event: 230.462 GC heap after
{Heap after GC invocations=17 (full 0):
 garbage-first heap   total 155648K, used 36212K [0x0000000083e00000, 0x0000000100000000)
  region size 1024K, 2 young (2048K), 2 survivors (2048K)
 Metaspace       used 47116K, capacity 48279K, committed 48512K, reserved 1091584K
  class space    used 5057K, capacity 5485K, committed 5504K, reserved 1048576K
}
Event: 275.896 GC heap before
{Heap before GC invocations=17 (full 0):
 garbage-first heap   total 155648K, used 122228K [0x0000000083e00000, 0x0000000100000000)
  region size 1024K, 86 young (88064K), 2 survivors (2048K)
 Metaspace       used 47153K, capacity 48343K, committed 48512K, reserved 1091584K
  class space    used 5057K, capacity 5485K, committed 5504K, reserved 1048576K
}
Event: 275.900 GC heap after
{Heap after GC invocations=18 (full 0):
 garbage-first heap   total 155648K, used 36106K [0x0000000083e00000, 0x0000000100000000)
  region size 1024K, 2 young (2048K), 2 survivors (2048K)
 Metaspace       used 47153K, capacity 48343K, committed 48512K, reserved 1091584K
  class space    used 5057K, capacity 5485K, committed 5504K, reserved 1048576K
}
Event: 325.309 GC heap before
{Heap before GC invocations=18 (full 0):
 garbage-first heap   total 155648K, used 125194K [0x0000000083e00000, 0x0000000100000000)
  region size 1024K, 89 young (91136K), 2 survivors (2048K)
 Metaspace       used 47225K, capacity 48407K, committed 48512K, reserved 1091584K
  class space    used 5061K, capacity 5485K, committed 5504K, reserved 1048576K
}
Event: 325.312 GC heap after
{Heap after GC invocations=19 (full 0):
 garbage-first heap   total 155648K, used 36204K [0x0000000083e00000, 0x0000000100000000)
  region size 1024K, 2 young (2048K), 2 survivors (2048K)
 Metaspace       used 47225K, capacity 48407K, committed 48512K, reserved 1091584K
  class space    used 5061K, capacity 5485K, committed 5504K, reserved 1048576K
}
Event: 373.483 GC heap before
{Heap before GC invocations=19 (full 0):
 garbage-first heap   total 155648K, used 127340K [0x0000000083e00000, 0x0000000100000000)
  region size 1024K, 91 young (93184K), 2 survivors (2048K)
 Metaspace       used 47250K, capacity 48407K, committed 48512K, reserved 1091584K
  class space    used 5061K, capacity 5485K, committed 5504K, reserved 1048576K
}
Event: 373.488 GC heap after
{Heap after GC invocations=20 (full 0):
 garbage-first heap   total 155648K, used 36454K [0x0000000083e00000, 0x0000000100000000)
  region size 1024K, 2 young (2048K), 2 survivors (2048K)
 Metaspace       used 47250K, capacity 48407K, committed 48512K, reserved 1091584K
  class space    used 5061K, capacity 5485K, committed 5504K, reserved 1048576K
}
Event: 419.557 GC heap before
{Heap before GC invocations=20 (full 0):
 garbage-first heap   total 155648K, used 127590K [0x0000000083e00000, 0x0000000100000000)
  region size 1024K, 91 young (93184K), 2 survivors (2048K)
 Metaspace       used 47298K, capacity 48471K, committed 48512K, reserved 1091584K
  class space    used 5063K, capacity 5485K, committed 5504K, reserved 1048576K
}
Event: 419.562 GC heap after
{Heap after GC invocations=21 (full 0):
 garbage-first heap   total 155648K, used 36401K [0x0000000083e00000, 0x0000000100000000)
  region size 1024K, 2 young (2048K), 2 survivors (2048K)
 Metaspace       used 47298K, capacity 48471K, committed 48512K, reserved 1091584K
  class space    used 5063K, capacity 5485K, committed 5504K, reserved 1048576K
}
Event: 471.507 GC heap before
{Heap before GC invocations=21 (full 0):
 garbage-first heap   total 155648K, used 127537K [0x0000000083e00000, 0x0000000100000000)
  region size 1024K, 91 young (93184K), 2 survivors (2048K)
 Metaspace       used 47320K, capacity 48471K, committed 48512K, reserved 1091584K
  class space    used 5064K, capacity 5485K, committed 5504K, reserved 1048576K
}
Event: 471.512 GC heap after
{Heap after GC invocations=22 (full 0):
 garbage-first heap   total 155648K, used 36274K [0x0000000083e00000, 0x0000000100000000)
  region size 1024K, 2 young (2048K), 2 survivors (2048K)
 Metaspace       used 47320K, capacity 48471K, committed 48512K, reserved 1091584K
  class space    used 5064K, capacity 5485K, committed 5504K, reserved 1048576K
}
Event: 516.478 GC heap before
{Heap before GC invocations=22 (full 0):
 garbage-first heap   total 155648K, used 127410K [0x0000000083e00000, 0x0000000100000000)
  region size 1024K, 91 young (93184K), 2 survivors (2048K)
 Metaspace       used 47352K, capacity 48535K, committed 48768K, reserved 1093632K
  class space    used 5064K, capacity 5485K, committed 5504K, reserved 1048576K
}
Event: 516.483 GC heap after
{Heap after GC invocations=23 (full 0):
 garbage-first heap   total 155648K, used 36511K [0x0000000083e00000, 0x0000000100000000)
  region size 1024K, 2 young (2048K), 2 survivors (2048K)
 Metaspace       used 47352K, capacity 48535K, committed 48768K, reserved 1093632K
  class space    used 5064K, capacity 5485K, committed 5504K, reserved 1048576K
}
Event: 562.953 GC heap before
{Heap before GC invocations=23 (full 0):
 garbage-first heap   total 155648K, used 127647K [0x0000000083e00000, 0x0000000100000000)
  region size 1024K, 91 young (93184K), 2 survivors (2048K)
 Metaspace       used 48187K, capacity 49348K, committed 49408K, reserved 1093632K
  class space    used 5154K, capacity 5609K, committed 5632K, reserved 1048576K
}
Event: 562.968 GC heap after
{Heap after GC invocations=24 (full 0):
 garbage-first heap   total 155648K, used 38340K [0x0000000083e00000, 0x0000000100000000)
  region size 1024K, 4 young (4096K), 4 survivors (4096K)
 Metaspace       used 48187K, capacity 49348K, committed 49408K, reserved 1093632K
  class space    used 5154K, capacity 5609K, committed 5632K, reserved 1048576K
}

